Application/build/outputs/logs/manifest-merger-debug-report.txt
-- Merging decision tree log ---
manifest
ADDED from src\main\AndroidManifest.xml:2:1-114:12
	package
		ADDED from src\main\AndroidManifest.xml:3:5-43
		INJECTED from src\main\AndroidManifest.xml
		INJECTED from src\main\AndroidManifest.xml
	android:versionName
		ADDED from src\main\AndroidManifest.xml:5:5-32
		INJECTED from src\main\AndroidManifest.xml
		INJECTED from src\main\AndroidManifest.xml
	android:versionCode
		ADDED from src\main\AndroidManifest.xml:4:5-28
		INJECTED from src\main\AndroidManifest.xml
		INJECTED from src\main\AndroidManifest.xml
	xmlns:android
		ADDED from src\main\AndroidManifest.xml:2:11-69
uses-feature#android.hardware.bluetooth_le
ADDED from src\main\AndroidManifest.xml:7:5-90
	android:required
		ADDED from src\main\AndroidManifest.xml:7:64-87
	android:name
		ADDED from src\main\AndroidManifest.xml:7:19-63
uses-permission#android.permission.BLUETOOTH
ADDED from src\main\AndroidManifest.xml:8:5-68
	android:name
		ADDED from src\main\AndroidManifest.xml:8:22-65
uses-permission#android.permission.BLUETOOTH_ADMIN
ADDED from src\main\AndroidManifest.xml:9:5-74
	android:name
		ADDED from src\main\AndroidManifest.xml:9:22-71
uses-permission#android.permission.WAKE_LOCK
ADDED from src\main\AndroidManifest.xml:10:5-68
	android:name
		ADDED from src\main\AndroidManifest.xml:10:22-65
uses-permission#android.permission.WRITE_EXTERNAL_STORAGE
ADDED from src\main\AndroidManifest.xml:11:5-81
	android:name
		ADDED from src\main\AndroidManifest.xml:11:22-78
uses-permission#android.permission.READ_EXTERNAL_STORAGE
ADDED from src\main\AndroidManifest.xml:12:5-80
	android:name
		ADDED from src\main\AndroidManifest.xml:12:22-77
uses-permission-sdk-23
ADDED from src\main\AndroidManifest.xml:13:5-87
	android:name
		ADDED from src\main\AndroidManifest.xml:13:29-85
application
ADDED from src\main\AndroidManifest.xml:15:5-112:19
MERGED from [com.android.support:support-v4:24.0.0-alpha1] AndroidManifest.xml:22:5-20
	android:label
		ADDED from src\main\AndroidManifest.xml:17:9-41
	android:icon
		ADDED from src\main\AndroidManifest.xml:16:9-49
	android:theme
		ADDED from src\main\AndroidManifest.xml:18:9-56
service#tw.org.cic.bluetooth.BluetoothLeService
ADDED from src\main\AndroidManifest.xml:19:9-21:38
	android:enabled
		ADDED from src\main\AndroidManifest.xml:21:13-35
	android:name
		ADDED from src\main\AndroidManifest.xml:20:13-67
activity#tw.org.cic.control_activity.DeviceScanActivity
ADDED from src\main\AndroidManifest.xml:23:9-32:20
	android:screenOrientation
		ADDED from src\main\AndroidManifest.xml:26:13-49
	android:label
		ADDED from src\main\AndroidManifest.xml:25:13-45
	android:name
		ADDED from src\main\AndroidManifest.xml:24:13-74
intent-filter#android.intent.action.MAIN+android.intent.category.LAUNCHER
ADDED from src\main\AndroidManifest.xml:27:13-31:29
action#android.intent.action.MAIN
ADDED from src\main\AndroidManifest.xml:28:17-69
	android:name
		ADDED from src\main\AndroidManifest.xml:28:25-66
category#android.intent.category.LAUNCHER
ADDED from src\main\AndroidManifest.xml:30:17-77
	android:name
		ADDED from src\main\AndroidManifest.xml:30:27-74
activity#tw.org.cic.morsenser_example.IMUViewActivity
ADDED from src\main\AndroidManifest.xml:33:9-36:53
	android:screenOrientation
		ADDED from src\main\AndroidManifest.xml:36:13-50
	android:label
		ADDED from src\main\AndroidManifest.xml:35:13-45
	android:name
		ADDED from src\main\AndroidManifest.xml:34:13-44
activity#tw.org.cic.control_activity.MainActivity
ADDED from src\main\AndroidManifest.xml:37:9-41:20
	android:screenOrientation
		ADDED from src\main\AndroidManifest.xml:40:13-49
	android:label
		ADDED from src\main\AndroidManifest.xml:39:13-56
	android:name
		ADDED from src\main\AndroidManifest.xml:38:13-68
activity#tw.org.cic.morsenser_example.THUViewActivity
ADDED from src\main\AndroidManifest.xml:42:9-46:20
	android:screenOrientation
		ADDED from src\main\AndroidManifest.xml:45:13-49
	android:label
		ADDED from src\main\AndroidManifest.xml:44:13-59
	android:name
		ADDED from src\main\AndroidManifest.xml:43:13-44
activity#tw.org.cic.morsenser_example.ColorViewActivity
ADDED from src\main\AndroidManifest.xml:47:9-51:20
	android:screenOrientation
		ADDED from src\main\AndroidManifest.xml:50:13-49
	android:label
		ADDED from src\main\AndroidManifest.xml:49:13-62
	android:name
		ADDED from src\main\AndroidManifest.xml:48:13-46
activity#tw.org.cic.morsenser_example.PIRViewActivity
ADDED from src\main\AndroidManifest.xml:52:9-56:20
	android:screenOrientation
		ADDED from src\main\AndroidManifest.xml:55:13-49
	android:label
		ADDED from src\main\AndroidManifest.xml:54:13-59
	android:name
		ADDED from src\main\AndroidManifest.xml:53:13-44
activity#tw.org.cic.morsenser_example.AlcoholViewActivity
ADDED from src\main\AndroidManifest.xml:57:9-61:20
	android:screenOrientation
		ADDED from src\main\AndroidManifest.xml:60:13-49
	android:label
		ADDED from src\main\AndroidManifest.xml:59:13-64
	android:name
		ADDED from src\main\AndroidManifest.xml:58:13-48
activity#tw.org.cic.morsenser_example.SpO2ViewActivity
ADDED from src\main\AndroidManifest.xml:62:9-66:20
	android:screenOrientation
		ADDED from src\main\AndroidManifest.xml:65:13-49
	android:label
		ADDED from src\main\AndroidManifest.xml:64:13-62
	android:name
		ADDED from src\main\AndroidManifest.xml:63:13-45
activity#tw.org.cic.morsenser_example.MicViewActivity
ADDED from src\main\AndroidManifest.xml:67:9-71:20
	android:screenOrientation
		ADDED from src\main\AndroidManifest.xml:70:13-49
	android:label
		ADDED from src\main\AndroidManifest.xml:69:13-60
	android:name
		ADDED from src\main\AndroidManifest.xml:68:13-44
activity#tw.org.cic.morsenser_example.IMUViewPlusActivity
ADDED from src\main\AndroidManifest.xml:72:9-75:20
	android:label
		ADDED from src\main\AndroidManifest.xml:74:13-64
	android:name
		ADDED from src\main\AndroidManifest.xml:73:13-48
activity#tw.org.cic.morsensor_example_3.IRIViewActivity_2_1
ADDED from src\main\AndroidManifest.xml:76:9-80:20
	android:screenOrientation
		ADDED from src\main\AndroidManifest.xml:79:13-49
	android:label
		ADDED from src\main\AndroidManifest.xml:78:13-39
	android:name
		ADDED from src\main\AndroidManifest.xml:77:13-78
activity#tw.org.cic.morsensor_example_3.IRDViewActivity_2_1
ADDED from src\main\AndroidManifest.xml:81:9-85:20
	android:screenOrientation
		ADDED from src\main\AndroidManifest.xml:84:13-49
	android:label
		ADDED from src\main\AndroidManifest.xml:83:13-39
	android:name
		ADDED from src\main\AndroidManifest.xml:82:13-78
activity#tw.org.cic.morsensor_example_3.USDViewActivity_2_1
ADDED from src\main\AndroidManifest.xml:86:9-90:20
	android:screenOrientation
		ADDED from src\main\AndroidManifest.xml:89:13-49
	android:label
		ADDED from src\main\AndroidManifest.xml:88:13-39
	android:name
		ADDED from src\main\AndroidManifest.xml:87:13-78
activity#tw.org.cic.morsensor_example_3.PressureActivity_2_1
ADDED from src\main\AndroidManifest.xml:91:9-95:20
	android:screenOrientation
		ADDED from src\main\AndroidManifest.xml:94:13-49
	android:label
		ADDED from src\main\AndroidManifest.xml:93:13-44
	android:name
		ADDED from src\main\AndroidManifest.xml:92:13-79
activity#tw.org.cic.morsensor_example_3.COViewActivity_2_1
ADDED from src\main\AndroidManifest.xml:96:9-100:20
	android:screenOrientation
		ADDED from src\main\AndroidManifest.xml:99:13-49
	android:label
		ADDED from src\main\AndroidManifest.xml:98:13-38
	android:name
		ADDED from src\main\AndroidManifest.xml:97:13-77
activity#tw.org.cic.morsensor_example_3.CO2ViewActivity_2_1
ADDED from src\main\AndroidManifest.xml:101:9-105:20
	android:screenOrientation
		ADDED from src\main\AndroidManifest.xml:104:13-49
	android:label
		ADDED from src\main\AndroidManifest.xml:103:13-39
	android:name
		ADDED from src\main\AndroidManifest.xml:102:13-78
activity#tw.org.cic.morsensor_example_3.PowerActivity_2_1
ADDED from src\main\AndroidManifest.xml:106:9-110:20
	android:screenOrientation
		ADDED from src\main\AndroidManifest.xml:109:13-49
	android:label
		ADDED from src\main\AndroidManifest.xml:108:13-41
	android:name
		ADDED from src\main\AndroidManifest.xml:107:13-76
uses-sdk
INJECTED from src\main\AndroidManifest.xml reason: use-sdk injection requested
MERGED from [com.android.support:support-v4:24.0.0-alpha1] AndroidManifest.xml:20:5-43
	android:targetSdkVersion
		INJECTED from src\main\AndroidManifest.xml
		INJECTED from src\main\AndroidManifest.xml
	android:minSdkVersion
		INJECTED from src\main\AndroidManifest.xml
		INJECTED from src\main\AndroidManifest.xml